heap profile: 0: 0 [0: 0] @ heap/1048576

# runtime.MemStats
# Alloc = 144528
# TotalAlloc = 384744
# Sys = 2199552
# Lookups = 4
# Mallocs = 3222
# Frees = 3013
# HeapAlloc = 144528
# HeapSys = 753664
# HeapIdle = 376832
# HeapInuse = 376832
# HeapReleased = 0
# HeapObjects = 209
# Stack = 294912 / 294912
# MSpan = 4800 / 16384
# MCache = 9600 / 16384
# BuckHashSys = 2100
# NextGC = 4194304
# PauseNs = [247241 0 0 0 0 0 0 0 0 0 0 0 0 0 0 0 0 0 0 0 0 0 0 0 0 0 0 0 0 0 0 0 0 0 0 0 0 0 0 0 0 0 0 0 0 0 0 0 0 0 0 0 0 0 0 0 0 0 0 0 0 0 0 0 0 0 0 0 0 0 0 0 0 0 0 0 0 0 0 0 0 0 0 0 0 0 0 0 0 0 0 0 0 0 0 0 0 0 0 0 0 0 0 0 0 0 0 0 0 0 0 0 0 0 0 0 0 0 0 0 0 0 0 0 0 0 0 0 0 0 0 0 0 0 0 0 0 0 0 0 0 0 0 0 0 0 0 0 0 0 0 0 0 0 0 0 0 0 0 0 0 0 0 0 0 0 0 0 0 0 0 0 0 0 0 0 0 0 0 0 0 0 0 0 0 0 0 0 0 0 0 0 0 0 0 0 0 0 0 0 0 0 0 0 0 0 0 0 0 0 0 0 0 0 0 0 0 0 0 0 0 0 0 0 0 0 0 0 0 0 0 0 0 0 0 0 0 0 0 0 0 0 0 0 0 0 0 0 0 0 0 0 0 0 0 0]
# NumGC = 1
# EnableGC = true
# DebugGC = false
